

> @n8n/composables@1.9.0 build /home/mayeul/projects/n8n/packages/frontend/@n8n/composables
> tsup

[34mCLI[39m Building entry: src/useDeviceSupport.ts, src/useShortKeyPress.ts
[34mCLI[39m Using tsconfig: tsconfig.json
[34mCLI[39m tsup v8.5.0
[34mCLI[39m Using tsup config: /home/mayeul/projects/n8n/packages/frontend/@n8n/composables/tsup.config.ts
[34mCLI[39m Target: esnext
[34mCLI[39m Cleaning output folder
[34mCJS[39m Build start
[34mESM[39m Build start
[32mESM[39m [1mdist/useDeviceSupport.js     [22m[32m1.14 KB[39m
[32mESM[39m [1mdist/useShortKeyPress.js     [22m[32m658.00 B[39m
[32mESM[39m [1mdist/useDeviceSupport.js.map [22m[32m2.47 KB[39m
[32mESM[39m [1mdist/useShortKeyPress.js.map [22m[32m1.37 KB[39m
[32mESM[39m ⚡️ Build success in 354ms
[32mCJS[39m [1mdist/useDeviceSupport.cjs     [22m[32m1.35 KB[39m
[32mCJS[39m [1mdist/useShortKeyPress.cjs     [22m[32m819.00 B[39m
[32mCJS[39m [1mdist/useDeviceSupport.cjs.map [22m[32m3.15 KB[39m
[32mCJS[39m [1mdist/useShortKeyPress.cjs.map [22m[32m1.83 KB[39m
[32mCJS[39m ⚡️ Build success in 407ms
DTS Build start
DTS ⚡️ Build success in 10402ms
DTS dist/useDeviceSupport.d.cts 314.00 B
DTS dist/useShortKeyPress.d.cts 313.00 B
DTS dist/useDeviceSupport.d.ts  314.00 B
DTS dist/useShortKeyPress.d.ts  313.00 B
